<?xml version="1.0" encoding="UTF-8"?>
<testsuite xmlns:xsi="http://www.w3.org/2001/XMLSchema-instance" xsi:noNamespaceSchemaLocation="https://maven.apache.org/surefire/maven-surefire-plugin/xsd/surefire-test-report-3.0.xsd" version="3.0" name="com.jessin.practice.RefuseTest" time="2.401" tests="1" errors="0" skipped="0" failures="0">
  <properties>
    <property name="sun.desktop" value="gnome"/>
    <property name="awt.toolkit" value="sun.awt.X11.XToolkit"/>
    <property name="file.encoding.pkg" value="sun.io"/>
    <property name="java.specification.version" value="1.8"/>
    <property name="sun.cpu.isalist" value=""/>
    <property name="sun.jnu.encoding" value="UTF-8"/>
    <property name="java.class.path" value="/home/jessin/Documents/Program/Java/spring_drools/target/test-classes:/home/jessin/Documents/Program/Java/spring_drools/target/classes:/home/jessin/Documents/Program/JarRepository/org/projectlombok/lombok/1.16.18/lombok-1.16.18.jar:/home/jessin/Documents/Program/JarRepository/javax/servlet/javax.servlet-api/3.1.0/javax.servlet-api-3.1.0.jar:/home/jessin/Documents/Program/JarRepository/javax/servlet/jsp/jsp-api/2.2/jsp-api-2.2.jar:/home/jessin/Documents/Program/JarRepository/javax/servlet/jstl/1.2/jstl-1.2.jar:/home/jessin/Documents/Program/JarRepository/junit/junit/4.12/junit-4.12.jar:/home/jessin/Documents/Program/JarRepository/org/hamcrest/hamcrest-core/1.3/hamcrest-core-1.3.jar:/home/jessin/Documents/Program/JarRepository/org/springframework/spring-aop/4.2.7.RELEASE/spring-aop-4.2.7.RELEASE.jar:/home/jessin/Documents/Program/JarRepository/aopalliance/aopalliance/1.0/aopalliance-1.0.jar:/home/jessin/Documents/Program/JarRepository/org/springframework/spring-core/4.2.7.RELEASE/spring-core-4.2.7.RELEASE.jar:/home/jessin/Documents/Program/JarRepository/commons-logging/commons-logging/1.2/commons-logging-1.2.jar:/home/jessin/Documents/Program/JarRepository/org/springframework/spring-web/4.2.7.RELEASE/spring-web-4.2.7.RELEASE.jar:/home/jessin/Documents/Program/JarRepository/org/springframework/spring-webmvc/4.2.7.RELEASE/spring-webmvc-4.2.7.RELEASE.jar:/home/jessin/Documents/Program/JarRepository/org/springframework/spring-beans/4.2.7.RELEASE/spring-beans-4.2.7.RELEASE.jar:/home/jessin/Documents/Program/JarRepository/org/springframework/spring-context/4.2.7.RELEASE/spring-context-4.2.7.RELEASE.jar:/home/jessin/Documents/Program/JarRepository/org/springframework/spring-expression/4.2.7.RELEASE/spring-expression-4.2.7.RELEASE.jar:/home/jessin/Documents/Program/JarRepository/ch/qos/logback/logback-core/1.1.8/logback-core-1.1.8.jar:/home/jessin/Documents/Program/JarRepository/ch/qos/logback/logback-classic/1.1.8/logback-classic-1.1.8.jar:/home/jessin/Documents/Program/JarRepository/org/slf4j/slf4j-api/1.7.22/slf4j-api-1.7.22.jar:/home/jessin/Documents/Program/JarRepository/com/fasterxml/jackson/core/jackson-core/2.8.7/jackson-core-2.8.7.jar:/home/jessin/Documents/Program/JarRepository/com/fasterxml/jackson/core/jackson-databind/2.8.7/jackson-databind-2.8.7.jar:/home/jessin/Documents/Program/JarRepository/com/fasterxml/jackson/core/jackson-annotations/2.8.0/jackson-annotations-2.8.0.jar:/home/jessin/Documents/Program/JarRepository/org/kie/kie-api/6.5.0.Final/kie-api-6.5.0.Final.jar:/home/jessin/Documents/Program/JarRepository/org/drools/drools-compiler/6.5.0.Final/drools-compiler-6.5.0.Final.jar:/home/jessin/Documents/Program/JarRepository/org/drools/drools-core/6.5.0.Final/drools-core-6.5.0.Final.jar:/home/jessin/Documents/Program/JarRepository/commons-codec/commons-codec/1.4/commons-codec-1.4.jar:/home/jessin/Documents/Program/JarRepository/org/kie/kie-internal/6.5.0.Final/kie-internal-6.5.0.Final.jar:/home/jessin/Documents/Program/JarRepository/org/antlr/antlr-runtime/3.5/antlr-runtime-3.5.jar:/home/jessin/Documents/Program/JarRepository/org/eclipse/jdt/core/compiler/ecj/4.4.2/ecj-4.4.2.jar:/home/jessin/Documents/Program/JarRepository/org/mvel/mvel2/2.2.8.Final/mvel2-2.2.8.Final.jar:/home/jessin/Documents/Program/JarRepository/com/thoughtworks/xstream/xstream/1.4.9/xstream-1.4.9.jar:/home/jessin/Documents/Program/JarRepository/xmlpull/xmlpull/1.1.3.1/xmlpull-1.1.3.1.jar:/home/jessin/Documents/Program/JarRepository/xpp3/xpp3_min/1.1.4c/xpp3_min-1.1.4c.jar:/home/jessin/Documents/Program/JarRepository/com/google/protobuf/protobuf-java/2.6.0/protobuf-java-2.6.0.jar:"/>
    <property name="java.vm.vendor" value="Oracle Corporation"/>
    <property name="sun.arch.data.model" value="64"/>
    <property name="java.vendor.url" value="http://java.oracle.com/"/>
    <property name="user.timezone" value=""/>
    <property name="java.vm.specification.version" value="1.8"/>
    <property name="os.name" value="Linux"/>
    <property name="user.country" value="CN"/>
    <property name="sun.java.launcher" value="SUN_STANDARD"/>
    <property name="sun.boot.library.path" value="/usr/lib/jvm/jdk1.8.0_151/jre/lib/amd64"/>
    <property name="sun.java.command" value="/home/jessin/Documents/Program/Java/spring_drools/target/surefire/surefirebooter1419202520778313825.jar /home/jessin/Documents/Program/Java/spring_drools/target/surefire 2019-02-05T21-43-45_796-jvmRun1 surefire2352981182391853181tmp surefire_03765596096210564439tmp"/>
    <property name="surefire.test.class.path" value="/home/jessin/Documents/Program/Java/spring_drools/target/test-classes:/home/jessin/Documents/Program/Java/spring_drools/target/classes:/home/jessin/Documents/Program/JarRepository/org/projectlombok/lombok/1.16.18/lombok-1.16.18.jar:/home/jessin/Documents/Program/JarRepository/javax/servlet/javax.servlet-api/3.1.0/javax.servlet-api-3.1.0.jar:/home/jessin/Documents/Program/JarRepository/javax/servlet/jsp/jsp-api/2.2/jsp-api-2.2.jar:/home/jessin/Documents/Program/JarRepository/javax/servlet/jstl/1.2/jstl-1.2.jar:/home/jessin/Documents/Program/JarRepository/junit/junit/4.12/junit-4.12.jar:/home/jessin/Documents/Program/JarRepository/org/hamcrest/hamcrest-core/1.3/hamcrest-core-1.3.jar:/home/jessin/Documents/Program/JarRepository/org/springframework/spring-aop/4.2.7.RELEASE/spring-aop-4.2.7.RELEASE.jar:/home/jessin/Documents/Program/JarRepository/aopalliance/aopalliance/1.0/aopalliance-1.0.jar:/home/jessin/Documents/Program/JarRepository/org/springframework/spring-core/4.2.7.RELEASE/spring-core-4.2.7.RELEASE.jar:/home/jessin/Documents/Program/JarRepository/commons-logging/commons-logging/1.2/commons-logging-1.2.jar:/home/jessin/Documents/Program/JarRepository/org/springframework/spring-web/4.2.7.RELEASE/spring-web-4.2.7.RELEASE.jar:/home/jessin/Documents/Program/JarRepository/org/springframework/spring-webmvc/4.2.7.RELEASE/spring-webmvc-4.2.7.RELEASE.jar:/home/jessin/Documents/Program/JarRepository/org/springframework/spring-beans/4.2.7.RELEASE/spring-beans-4.2.7.RELEASE.jar:/home/jessin/Documents/Program/JarRepository/org/springframework/spring-context/4.2.7.RELEASE/spring-context-4.2.7.RELEASE.jar:/home/jessin/Documents/Program/JarRepository/org/springframework/spring-expression/4.2.7.RELEASE/spring-expression-4.2.7.RELEASE.jar:/home/jessin/Documents/Program/JarRepository/ch/qos/logback/logback-core/1.1.8/logback-core-1.1.8.jar:/home/jessin/Documents/Program/JarRepository/ch/qos/logback/logback-classic/1.1.8/logback-classic-1.1.8.jar:/home/jessin/Documents/Program/JarRepository/org/slf4j/slf4j-api/1.7.22/slf4j-api-1.7.22.jar:/home/jessin/Documents/Program/JarRepository/com/fasterxml/jackson/core/jackson-core/2.8.7/jackson-core-2.8.7.jar:/home/jessin/Documents/Program/JarRepository/com/fasterxml/jackson/core/jackson-databind/2.8.7/jackson-databind-2.8.7.jar:/home/jessin/Documents/Program/JarRepository/com/fasterxml/jackson/core/jackson-annotations/2.8.0/jackson-annotations-2.8.0.jar:/home/jessin/Documents/Program/JarRepository/org/kie/kie-api/6.5.0.Final/kie-api-6.5.0.Final.jar:/home/jessin/Documents/Program/JarRepository/org/drools/drools-compiler/6.5.0.Final/drools-compiler-6.5.0.Final.jar:/home/jessin/Documents/Program/JarRepository/org/drools/drools-core/6.5.0.Final/drools-core-6.5.0.Final.jar:/home/jessin/Documents/Program/JarRepository/commons-codec/commons-codec/1.4/commons-codec-1.4.jar:/home/jessin/Documents/Program/JarRepository/org/kie/kie-internal/6.5.0.Final/kie-internal-6.5.0.Final.jar:/home/jessin/Documents/Program/JarRepository/org/antlr/antlr-runtime/3.5/antlr-runtime-3.5.jar:/home/jessin/Documents/Program/JarRepository/org/eclipse/jdt/core/compiler/ecj/4.4.2/ecj-4.4.2.jar:/home/jessin/Documents/Program/JarRepository/org/mvel/mvel2/2.2.8.Final/mvel2-2.2.8.Final.jar:/home/jessin/Documents/Program/JarRepository/com/thoughtworks/xstream/xstream/1.4.9/xstream-1.4.9.jar:/home/jessin/Documents/Program/JarRepository/xmlpull/xmlpull/1.1.3.1/xmlpull-1.1.3.1.jar:/home/jessin/Documents/Program/JarRepository/xpp3/xpp3_min/1.1.4c/xpp3_min-1.1.4c.jar:/home/jessin/Documents/Program/JarRepository/com/google/protobuf/protobuf-java/2.6.0/protobuf-java-2.6.0.jar:"/>
    <property name="sun.cpu.endian" value="little"/>
    <property name="user.home" value="/home/jessin"/>
    <property name="user.language" value="zh"/>
    <property name="java.specification.vendor" value="Oracle Corporation"/>
    <property name="java.home" value="/usr/lib/jvm/jdk1.8.0_151/jre"/>
    <property name="basedir" value="/home/jessin/Documents/Program/Java/spring_drools"/>
    <property name="file.separator" value="/"/>
    <property name="line.separator" value="&#10;"/>
    <property name="java.vm.specification.vendor" value="Oracle Corporation"/>
    <property name="java.specification.name" value="Java Platform API Specification"/>
    <property name="java.awt.graphicsenv" value="sun.awt.X11GraphicsEnvironment"/>
    <property name="surefire.real.class.path" value="/home/jessin/Documents/Program/Java/spring_drools/target/surefire/surefirebooter1419202520778313825.jar"/>
    <property name="sun.boot.class.path" value="/usr/lib/jvm/jdk1.8.0_151/jre/lib/resources.jar:/usr/lib/jvm/jdk1.8.0_151/jre/lib/rt.jar:/usr/lib/jvm/jdk1.8.0_151/jre/lib/sunrsasign.jar:/usr/lib/jvm/jdk1.8.0_151/jre/lib/jsse.jar:/usr/lib/jvm/jdk1.8.0_151/jre/lib/jce.jar:/usr/lib/jvm/jdk1.8.0_151/jre/lib/charsets.jar:/usr/lib/jvm/jdk1.8.0_151/jre/lib/jfr.jar:/usr/lib/jvm/jdk1.8.0_151/jre/classes"/>
    <property name="sun.management.compiler" value="HotSpot 64-Bit Tiered Compilers"/>
    <property name="java.runtime.version" value="1.8.0_151-b12"/>
    <property name="user.name" value="jessin"/>
    <property name="path.separator" value=":"/>
    <property name="os.version" value="4.4.0-141-generic"/>
    <property name="java.endorsed.dirs" value="/usr/lib/jvm/jdk1.8.0_151/jre/lib/endorsed"/>
    <property name="java.runtime.name" value="Java(TM) SE Runtime Environment"/>
    <property name="file.encoding" value="UTF-8"/>
    <property name="java.vm.name" value="Java HotSpot(TM) 64-Bit Server VM"/>
    <property name="localRepository" value="/home/jessin/Documents/Program/JarRepository"/>
    <property name="java.vendor.url.bug" value="http://bugreport.sun.com/bugreport/"/>
    <property name="java.io.tmpdir" value="/tmp"/>
    <property name="java.version" value="1.8.0_151"/>
    <property name="user.dir" value="/home/jessin/Documents/Program/Java/spring_drools"/>
    <property name="os.arch" value="amd64"/>
    <property name="java.vm.specification.name" value="Java Virtual Machine Specification"/>
    <property name="java.awt.printerjob" value="sun.print.PSPrinterJob"/>
    <property name="sun.os.patch.level" value="unknown"/>
    <property name="java.library.path" value="/usr/java/packages/lib/amd64:/usr/lib64:/lib64:/lib:/usr/lib"/>
    <property name="java.vm.info" value="mixed mode"/>
    <property name="java.vendor" value="Oracle Corporation"/>
    <property name="java.vm.version" value="25.151-b12"/>
    <property name="java.ext.dirs" value="/usr/lib/jvm/jdk1.8.0_151/jre/lib/ext:/usr/java/packages/lib/ext"/>
    <property name="sun.io.unicode.encoding" value="UnicodeLittle"/>
    <property name="java.class.version" value="52.0"/>
  </properties>
  <testcase name="test1" classname="com.jessin.practice.RefuseTest" time="2.352"/>
</testsuite>